\BOOKMARK [1][-]{section.1}{Introduction}{}% 1
\BOOKMARK [1][-]{section.2}{Experimental Procedure}{}% 2
\BOOKMARK [2][-]{subsection.2.1}{Experiment Setup}{section.2}% 3
\BOOKMARK [2][-]{subsection.2.2}{Cavity Angles and Spherical Angles}{section.2}% 4
\BOOKMARK [2][-]{subsection.2.3}{Frequency Spectrum}{section.2}% 5
\BOOKMARK [2][-]{subsection.2.4}{Measuring Spherical Cavity Resonances with the Computer}{section.2}% 6
\BOOKMARK [2][-]{subsection.2.5}{Potential Problems}{section.2}% 7
\BOOKMARK [1][-]{section.3}{Results and Analysis}{}% 8
\BOOKMARK [2][-]{subsection.3.1}{Determining Resonant Frequencies}{section.3}% 9
\BOOKMARK [2][-]{subsection.3.2}{Spectrum Response to Varying }{section.3}% 10
\BOOKMARK [2][-]{subsection.3.3}{Determining \040Values for each Resonance}{section.3}% 11
\BOOKMARK [3][-]{subsubsection.3.3.1}{Comparison to Legender Polynomials}{subsection.3.3}% 12
\BOOKMARK [3][-]{subsubsection.3.3.2}{Comparison to Spherical Harmonics}{subsection.3.3}% 13
\BOOKMARK [2][-]{subsection.3.4}{=1 Degeneracy}{section.3}% 14
\BOOKMARK [2][-]{subsection.3.5}{Phase Measurements}{section.3}% 15
\BOOKMARK [1][-]{section.4}{Conclusion}{}% 16
\BOOKMARK [2][-]{subsection.4.1}{Achievements}{section.4}% 17
\BOOKMARK [2][-]{subsection.4.2}{Future Improvements}{section.4}% 18
\BOOKMARK [1][-]{section.5}{Appendix}{}% 19
\BOOKMARK [2][-]{subsection.5.1}{Cavity Angle and Polar Angle Relation}{section.5}% 20
\BOOKMARK [2][-]{subsection.5.2}{Amplitude and Polar Angle Measurement Tables}{section.5}% 21
\BOOKMARK [2][-]{subsection.5.3}{Legender Polynomial Comparisons}{section.5}% 22
\BOOKMARK [2][-]{subsection.5.4}{Spherical Harmonics}{section.5}% 23
\BOOKMARK [2][-]{subsection.5.5}{Polar Graphs with Broken Cavity Symmetry}{section.5}% 24
