This is pdfTeX, Version 3.14159265-2.6-1.40.18 (MiKTeX 2.9.6500 64-bit) (preloaded format=pdflatex 2017.12.7)  9 FEB 2018 10:53
entering extended mode
**./QuantumAnalogs.tex
(QuantumAnalogs.tex
LaTeX2e <2017-04-15>
Babel <3.15> and hyphenation patterns for 75 language(s) loaded.
("C:\Program Files\MiKTeX 2.9\tex\latex\base\article.cls"
Document Class: article 2014/09/29 v1.4h Standard LaTeX document class
("C:\Program Files\MiKTeX 2.9\tex\latex\base\size12.clo"
File: size12.clo 2014/09/29 v1.4h Standard LaTeX file (size option)
)
\c@part=\count79
\c@section=\count80
\c@subsection=\count81
\c@subsubsection=\count82
\c@paragraph=\count83
\c@subparagraph=\count84
\c@figure=\count85
\c@table=\count86
\abovecaptionskip=\skip41
\belowcaptionskip=\skip42
\bibindent=\dimen102
)
("C:\Program Files\MiKTeX 2.9\tex\latex\amsmath\amsmath.sty"
Package: amsmath 2017/09/02 v2.17a AMS math features
\@mathmargin=\skip43

For additional information on amsmath, use the `?' option.
("C:\Program Files\MiKTeX 2.9\tex\latex\amsmath\amstext.sty"
Package: amstext 2000/06/29 v2.01 AMS text

("C:\Program Files\MiKTeX 2.9\tex\latex\amsmath\amsgen.sty"
File: amsgen.sty 1999/11/30 v2.0 generic functions
\@emptytoks=\toks14
\ex@=\dimen103
))
("C:\Program Files\MiKTeX 2.9\tex\latex\amsmath\amsbsy.sty"
Package: amsbsy 1999/11/29 v1.2d Bold Symbols
\pmbraise@=\dimen104
)
("C:\Program Files\MiKTeX 2.9\tex\latex\amsmath\amsopn.sty"
Package: amsopn 2016/03/08 v2.02 operator names
)
\inf@bad=\count87
LaTeX Info: Redefining \frac on input line 213.
\uproot@=\count88
\leftroot@=\count89
LaTeX Info: Redefining \overline on input line 375.
\classnum@=\count90
\DOTSCASE@=\count91
LaTeX Info: Redefining \ldots on input line 472.
LaTeX Info: Redefining \dots on input line 475.
LaTeX Info: Redefining \cdots on input line 596.
\Mathstrutbox@=\box26
\strutbox@=\box27
\big@size=\dimen105
LaTeX Font Info:    Redeclaring font encoding OML on input line 712.
LaTeX Font Info:    Redeclaring font encoding OMS on input line 713.
\macc@depth=\count92
\c@MaxMatrixCols=\count93
\dotsspace@=\muskip10
\c@parentequation=\count94
\dspbrk@lvl=\count95
\tag@help=\toks15
\row@=\count96
\column@=\count97
\maxfields@=\count98
\andhelp@=\toks16
\eqnshift@=\dimen106
\alignsep@=\dimen107
\tagshift@=\dimen108
\tagwidth@=\dimen109
\totwidth@=\dimen110
\lineht@=\dimen111
\@envbody=\toks17
\multlinegap=\skip44
\multlinetaggap=\skip45
\mathdisplay@stack=\toks18
LaTeX Info: Redefining \[ on input line 2817.
LaTeX Info: Redefining \] on input line 2818.
)
("C:\Program Files\MiKTeX 2.9\tex\latex\amsfonts\amsfonts.sty"
Package: amsfonts 2013/01/14 v3.01 Basic AMSFonts support
\symAMSa=\mathgroup4
\symAMSb=\mathgroup5
LaTeX Font Info:    Overwriting math alphabet `\mathfrak' in version `bold'
(Font)                  U/euf/m/n --> U/euf/b/n on input line 106.
)
("C:\Program Files\MiKTeX 2.9\tex\latex\amscls\amsthm.sty"
Package: amsthm 2015/03/04 v2.20.2
\thm@style=\toks19
\thm@bodyfont=\toks20
\thm@headfont=\toks21
\thm@notefont=\toks22
\thm@headpunct=\toks23
\thm@preskip=\skip46
\thm@postskip=\skip47
\thm@headsep=\skip48
\dth@everypar=\toks24
)
("C:\Program Files\MiKTeX 2.9\tex\latex\amsfonts\amssymb.sty"
Package: amssymb 2013/01/14 v3.01 AMS font symbols
)
("C:\Program Files\MiKTeX 2.9\tex\latex\geometry\geometry.sty"
Package: geometry 2010/09/12 v5.6 Page Geometry

("C:\Program Files\MiKTeX 2.9\tex\latex\graphics\keyval.sty"
Package: keyval 2014/10/28 v1.15 key=value parser (DPC)
\KV@toks@=\toks25
)
("C:\Program Files\MiKTeX 2.9\tex\generic\oberdiek\ifpdf.sty"
Package: ifpdf 2017/03/15 v3.2 Provides the ifpdf switch
)
("C:\Program Files\MiKTeX 2.9\tex\generic\oberdiek\ifvtex.sty"
Package: ifvtex 2016/05/16 v1.6 Detect VTeX and its facilities (HO)
Package ifvtex Info: VTeX not detected.
)
("C:\Program Files\MiKTeX 2.9\tex\generic\ifxetex\ifxetex.sty"
Package: ifxetex 2010/09/12 v0.6 Provides ifxetex conditional
)
\Gm@cnth=\count99
\Gm@cntv=\count100
\c@Gm@tempcnt=\count101
\Gm@bindingoffset=\dimen112
\Gm@wd@mp=\dimen113
\Gm@odd@mp=\dimen114
\Gm@even@mp=\dimen115
\Gm@layoutwidth=\dimen116
\Gm@layoutheight=\dimen117
\Gm@layouthoffset=\dimen118
\Gm@layoutvoffset=\dimen119
\Gm@dimlist=\toks26

("C:\Program Files\MiKTeX 2.9\tex\latex\geometry\geometry.cfg"))
("C:\Program Files\MiKTeX 2.9\tex\latex\graphics\graphicx.sty"
Package: graphicx 2017/06/01 v1.1a Enhanced LaTeX Graphics (DPC,SPQR)

("C:\Program Files\MiKTeX 2.9\tex\latex\graphics\graphics.sty"
Package: graphics 2017/06/25 v1.2c Standard LaTeX Graphics (DPC,SPQR)

("C:\Program Files\MiKTeX 2.9\tex\latex\graphics\trig.sty"
Package: trig 2016/01/03 v1.10 sin cos tan (DPC)
)
("C:\Program Files\MiKTeX 2.9\tex\latex\graphics-cfg\graphics.cfg"
File: graphics.cfg 2016/06/04 v1.11 sample graphics configuration
)
Package graphics Info: Driver file: pdftex.def on input line 99.

("C:\Program Files\MiKTeX 2.9\tex\latex\graphics-def\pdftex.def"
File: pdftex.def 2017/06/24 v1.0g Graphics/color driver for pdftex
))
\Gin@req@height=\dimen120
\Gin@req@width=\dimen121
)
("C:\Program Files\MiKTeX 2.9\tex\latex\subfig\subfig.sty"
Package: subfig 2005/06/28 ver: 1.3 subfig package

("C:\Program Files\MiKTeX 2.9\tex\latex\caption\caption.sty"
Package: caption 2016/02/21 v3.3-144 Customizing captions (AR)

("C:\Program Files\MiKTeX 2.9\tex\latex\caption\caption3.sty"
Package: caption3 2016/05/22 v1.7-166 caption3 kernel (AR)
Package caption3 Info: TeX engine: e-TeX on input line 67.
\captionmargin=\dimen122
\captionmargin@=\dimen123
\captionwidth=\dimen124
\caption@tempdima=\dimen125
\caption@indent=\dimen126
\caption@parindent=\dimen127
\caption@hangindent=\dimen128
)
\c@ContinuedFloat=\count102
)
\c@KVtest=\count103
\sf@farskip=\skip49
\sf@captopadj=\dimen129
\sf@capskip=\skip50
\sf@nearskip=\skip51
\c@subfigure=\count104
\c@subfigure@save=\count105
\c@lofdepth=\count106
\c@subtable=\count107
\c@subtable@save=\count108
\c@lotdepth=\count109
\sf@top=\skip52
\sf@bottom=\skip53
)
("C:\Program Files\MiKTeX 2.9\tex\latex\float\float.sty"
Package: float 2001/11/08 v1.3d Float enhancements (AL)
\c@float@type=\count110
\float@exts=\toks27
\float@box=\box28
\@float@everytoks=\toks28
\@floatcapt=\box29
)
("C:\Program Files\MiKTeX 2.9\tex\latex\pgf\frontendlayer\tikz.sty"
("C:\Program Files\MiKTeX 2.9\tex\latex\pgf\basiclayer\pgf.sty"
("C:\Program Files\MiKTeX 2.9\tex\latex\pgf\utilities\pgfrcs.sty"
("C:\Program Files\MiKTeX 2.9\tex\generic\pgf\utilities\pgfutil-common.tex"
\pgfutil@everybye=\toks29
\pgfutil@tempdima=\dimen130
\pgfutil@tempdimb=\dimen131

("C:\Program Files\MiKTeX 2.9\tex\generic\pgf\utilities\pgfutil-common-lists.te
x")) ("C:\Program Files\MiKTeX 2.9\tex\generic\pgf\utilities\pgfutil-latex.def"
\pgfutil@abb=\box30
("C:\Program Files\MiKTeX 2.9\tex\latex\ms\everyshi.sty"
Package: everyshi 2001/05/15 v3.00 EveryShipout Package (MS)
))
("C:\Program Files\MiKTeX 2.9\tex\generic\pgf\utilities\pgfrcs.code.tex"
Package: pgfrcs 2015/08/07 v3.0.1a (rcs-revision 1.31)
))
Package: pgf 2015/08/07 v3.0.1a (rcs-revision 1.15)

("C:\Program Files\MiKTeX 2.9\tex\latex\pgf\basiclayer\pgfcore.sty"
("C:\Program Files\MiKTeX 2.9\tex\latex\pgf\systemlayer\pgfsys.sty"
("C:\Program Files\MiKTeX 2.9\tex\generic\pgf\systemlayer\pgfsys.code.tex"
Package: pgfsys 2014/07/09 v3.0.1a (rcs-revision 1.48)

("C:\Program Files\MiKTeX 2.9\tex\generic\pgf\utilities\pgfkeys.code.tex"
\pgfkeys@pathtoks=\toks30
\pgfkeys@temptoks=\toks31

("C:\Program Files\MiKTeX 2.9\tex\generic\pgf\utilities\pgfkeysfiltered.code.te
x"
\pgfkeys@tmptoks=\toks32
))
\pgf@x=\dimen132
\pgf@y=\dimen133
\pgf@xa=\dimen134
\pgf@ya=\dimen135
\pgf@xb=\dimen136
\pgf@yb=\dimen137
\pgf@xc=\dimen138
\pgf@yc=\dimen139
\w@pgf@writea=\write3
\r@pgf@reada=\read1
\c@pgf@counta=\count111
\c@pgf@countb=\count112
\c@pgf@countc=\count113
\c@pgf@countd=\count114
\t@pgf@toka=\toks33
\t@pgf@tokb=\toks34
\t@pgf@tokc=\toks35
 ("C:\Program Files\MiKTeX 2.9\tex\generic\pgf\systemlayer\pgf.cfg"
File: pgf.cfg 2008/05/14  (rcs-revision 1.7)
)
Driver file for pgf: pgfsys-pdftex.def

("C:\Program Files\MiKTeX 2.9\tex\generic\pgf\systemlayer\pgfsys-pdftex.def"
File: pgfsys-pdftex.def 2014/10/11  (rcs-revision 1.35)

("C:\Program Files\MiKTeX 2.9\tex\generic\pgf\systemlayer\pgfsys-common-pdf.def
"
File: pgfsys-common-pdf.def 2013/10/10  (rcs-revision 1.13)
)))
("C:\Program Files\MiKTeX 2.9\tex\generic\pgf\systemlayer\pgfsyssoftpath.code.t
ex"
File: pgfsyssoftpath.code.tex 2013/09/09  (rcs-revision 1.9)
\pgfsyssoftpath@smallbuffer@items=\count115
\pgfsyssoftpath@bigbuffer@items=\count116
)
("C:\Program Files\MiKTeX 2.9\tex\generic\pgf\systemlayer\pgfsysprotocol.code.t
ex"
File: pgfsysprotocol.code.tex 2006/10/16  (rcs-revision 1.4)
)) ("C:\Program Files\MiKTeX 2.9\tex\latex\xcolor\xcolor.sty"
Package: xcolor 2016/05/11 v2.12 LaTeX color extensions (UK)

("C:\Program Files\MiKTeX 2.9\tex\latex\graphics-cfg\color.cfg"
File: color.cfg 2016/01/02 v1.6 sample color configuration
)
Package xcolor Info: Driver file: pdftex.def on input line 225.
Package xcolor Info: Model `cmy' substituted by `cmy0' on input line 1348.
Package xcolor Info: Model `hsb' substituted by `rgb' on input line 1352.
Package xcolor Info: Model `RGB' extended on input line 1364.
Package xcolor Info: Model `HTML' substituted by `rgb' on input line 1366.
Package xcolor Info: Model `Hsb' substituted by `hsb' on input line 1367.
Package xcolor Info: Model `tHsb' substituted by `hsb' on input line 1368.
Package xcolor Info: Model `HSB' substituted by `hsb' on input line 1369.
Package xcolor Info: Model `Gray' substituted by `gray' on input line 1370.
Package xcolor Info: Model `wave' substituted by `hsb' on input line 1371.
)
("C:\Program Files\MiKTeX 2.9\tex\generic\pgf\basiclayer\pgfcore.code.tex"
Package: pgfcore 2010/04/11 v3.0.1a (rcs-revision 1.7)

("C:\Program Files\MiKTeX 2.9\tex\generic\pgf\math\pgfmath.code.tex"
("C:\Program Files\MiKTeX 2.9\tex\generic\pgf\math\pgfmathcalc.code.tex"
("C:\Program Files\MiKTeX 2.9\tex\generic\pgf\math\pgfmathutil.code.tex")
("C:\Program Files\MiKTeX 2.9\tex\generic\pgf\math\pgfmathparser.code.tex"
\pgfmath@dimen=\dimen140
\pgfmath@count=\count117
\pgfmath@box=\box31
\pgfmath@toks=\toks36
\pgfmath@stack@operand=\toks37
\pgfmath@stack@operation=\toks38
)
("C:\Program Files\MiKTeX 2.9\tex\generic\pgf\math\pgfmathfunctions.code.tex"
("C:\Program Files\MiKTeX 2.9\tex\generic\pgf\math\pgfmathfunctions.basic.code.
tex")
("C:\Program Files\MiKTeX 2.9\tex\generic\pgf\math\pgfmathfunctions.trigonometr
ic.code.tex")
("C:\Program Files\MiKTeX 2.9\tex\generic\pgf\math\pgfmathfunctions.random.code
.tex")
("C:\Program Files\MiKTeX 2.9\tex\generic\pgf\math\pgfmathfunctions.comparison.
code.tex")
("C:\Program Files\MiKTeX 2.9\tex\generic\pgf\math\pgfmathfunctions.base.code.t
ex")
("C:\Program Files\MiKTeX 2.9\tex\generic\pgf\math\pgfmathfunctions.round.code.
tex")
("C:\Program Files\MiKTeX 2.9\tex\generic\pgf\math\pgfmathfunctions.misc.code.t
ex")
("C:\Program Files\MiKTeX 2.9\tex\generic\pgf\math\pgfmathfunctions.integerarit
hmetics.code.tex")))
("C:\Program Files\MiKTeX 2.9\tex\generic\pgf\math\pgfmathfloat.code.tex"
\c@pgfmathroundto@lastzeros=\count118
))
("C:\Program Files\MiKTeX 2.9\tex\generic\pgf\basiclayer\pgfcorepoints.code.tex
"
File: pgfcorepoints.code.tex 2013/10/07  (rcs-revision 1.27)
\pgf@picminx=\dimen141
\pgf@picmaxx=\dimen142
\pgf@picminy=\dimen143
\pgf@picmaxy=\dimen144
\pgf@pathminx=\dimen145
\pgf@pathmaxx=\dimen146
\pgf@pathminy=\dimen147
\pgf@pathmaxy=\dimen148
\pgf@xx=\dimen149
\pgf@xy=\dimen150
\pgf@yx=\dimen151
\pgf@yy=\dimen152
\pgf@zx=\dimen153
\pgf@zy=\dimen154
)
("C:\Program Files\MiKTeX 2.9\tex\generic\pgf\basiclayer\pgfcorepathconstruct.c
ode.tex"
File: pgfcorepathconstruct.code.tex 2013/10/07  (rcs-revision 1.29)
\pgf@path@lastx=\dimen155
\pgf@path@lasty=\dimen156
)
("C:\Program Files\MiKTeX 2.9\tex\generic\pgf\basiclayer\pgfcorepathusage.code.
tex"
File: pgfcorepathusage.code.tex 2014/11/02  (rcs-revision 1.24)
\pgf@shorten@end@additional=\dimen157
\pgf@shorten@start@additional=\dimen158
)
("C:\Program Files\MiKTeX 2.9\tex\generic\pgf\basiclayer\pgfcorescopes.code.tex
"
File: pgfcorescopes.code.tex 2015/05/08  (rcs-revision 1.46)
\pgfpic=\box32
\pgf@hbox=\box33
\pgf@layerbox@main=\box34
\pgf@picture@serial@count=\count119
)
("C:\Program Files\MiKTeX 2.9\tex\generic\pgf\basiclayer\pgfcoregraphicstate.co
de.tex"
File: pgfcoregraphicstate.code.tex 2014/11/02  (rcs-revision 1.12)
\pgflinewidth=\dimen159
)
("C:\Program Files\MiKTeX 2.9\tex\generic\pgf\basiclayer\pgfcoretransformations
.code.tex"
File: pgfcoretransformations.code.tex 2015/08/07  (rcs-revision 1.20)
\pgf@pt@x=\dimen160
\pgf@pt@y=\dimen161
\pgf@pt@temp=\dimen162
)
("C:\Program Files\MiKTeX 2.9\tex\generic\pgf\basiclayer\pgfcorequick.code.tex"
File: pgfcorequick.code.tex 2008/10/09  (rcs-revision 1.3)
)
("C:\Program Files\MiKTeX 2.9\tex\generic\pgf\basiclayer\pgfcoreobjects.code.te
x"
File: pgfcoreobjects.code.tex 2006/10/11  (rcs-revision 1.2)
)
("C:\Program Files\MiKTeX 2.9\tex\generic\pgf\basiclayer\pgfcorepathprocessing.
code.tex"
File: pgfcorepathprocessing.code.tex 2013/09/09  (rcs-revision 1.9)
)
("C:\Program Files\MiKTeX 2.9\tex\generic\pgf\basiclayer\pgfcorearrows.code.tex
"
File: pgfcorearrows.code.tex 2015/05/14  (rcs-revision 1.43)
\pgfarrowsep=\dimen163
)
("C:\Program Files\MiKTeX 2.9\tex\generic\pgf\basiclayer\pgfcoreshade.code.tex"
File: pgfcoreshade.code.tex 2013/07/15  (rcs-revision 1.15)
\pgf@max=\dimen164
\pgf@sys@shading@range@num=\count120
) ("C:\Program Files\MiKTeX 2.9\tex\generic\pgf\basiclayer\pgfcoreimage.code.te
x"
File: pgfcoreimage.code.tex 2013/07/15  (rcs-revision 1.18)

("C:\Program Files\MiKTeX 2.9\tex\generic\pgf\basiclayer\pgfcoreexternal.code.t
ex"
File: pgfcoreexternal.code.tex 2014/07/09  (rcs-revision 1.21)
\pgfexternal@startupbox=\box35
))
("C:\Program Files\MiKTeX 2.9\tex\generic\pgf\basiclayer\pgfcorelayers.code.tex
"
File: pgfcorelayers.code.tex 2013/07/18  (rcs-revision 1.7)
)
("C:\Program Files\MiKTeX 2.9\tex\generic\pgf\basiclayer\pgfcoretransparency.co
de.tex"
File: pgfcoretransparency.code.tex 2013/09/30  (rcs-revision 1.5)
)
("C:\Program Files\MiKTeX 2.9\tex\generic\pgf\basiclayer\pgfcorepatterns.code.t
ex"
File: pgfcorepatterns.code.tex 2013/11/07  (rcs-revision 1.5)
)))
("C:\Program Files\MiKTeX 2.9\tex\generic\pgf\modules\pgfmoduleshapes.code.tex"
File: pgfmoduleshapes.code.tex 2014/03/21  (rcs-revision 1.35)
\pgfnodeparttextbox=\box36
) ("C:\Program Files\MiKTeX 2.9\tex\generic\pgf\modules\pgfmoduleplot.code.tex"
File: pgfmoduleplot.code.tex 2015/08/03  (rcs-revision 1.13)
)
("C:\Program Files\MiKTeX 2.9\tex\latex\pgf\compatibility\pgfcomp-version-0-65.
sty"
Package: pgfcomp-version-0-65 2007/07/03 v3.0.1a (rcs-revision 1.7)
\pgf@nodesepstart=\dimen165
\pgf@nodesepend=\dimen166
)
("C:\Program Files\MiKTeX 2.9\tex\latex\pgf\compatibility\pgfcomp-version-1-18.
sty"
Package: pgfcomp-version-1-18 2007/07/23 v3.0.1a (rcs-revision 1.1)
)) ("C:\Program Files\MiKTeX 2.9\tex\latex\pgf\utilities\pgffor.sty"
("C:\Program Files\MiKTeX 2.9\tex\latex\pgf\utilities\pgfkeys.sty"
("C:\Program Files\MiKTeX 2.9\tex\generic\pgf\utilities\pgfkeys.code.tex"))
("C:\Program Files\MiKTeX 2.9\tex\latex\pgf\math\pgfmath.sty"
("C:\Program Files\MiKTeX 2.9\tex\generic\pgf\math\pgfmath.code.tex"))
("C:\Program Files\MiKTeX 2.9\tex\generic\pgf\utilities\pgffor.code.tex"
Package: pgffor 2013/12/13 v3.0.1a (rcs-revision 1.25)

("C:\Program Files\MiKTeX 2.9\tex\generic\pgf\math\pgfmath.code.tex")
\pgffor@iter=\dimen167
\pgffor@skip=\dimen168
\pgffor@stack=\toks39
\pgffor@toks=\toks40
))
("C:\Program Files\MiKTeX 2.9\tex\generic\pgf\frontendlayer\tikz\tikz.code.tex"
Package: tikz 2015/08/07 v3.0.1a (rcs-revision 1.151)

("C:\Program Files\MiKTeX 2.9\tex\generic\pgf\libraries\pgflibraryplothandlers.
code.tex"
File: pgflibraryplothandlers.code.tex 2013/08/31 v3.0.1a (rcs-revision 1.20)
\pgf@plot@mark@count=\count121
\pgfplotmarksize=\dimen169
)
\tikz@lastx=\dimen170
\tikz@lasty=\dimen171
\tikz@lastxsaved=\dimen172
\tikz@lastysaved=\dimen173
\tikzleveldistance=\dimen174
\tikzsiblingdistance=\dimen175
\tikz@figbox=\box37
\tikz@figbox@bg=\box38
\tikz@tempbox=\box39
\tikz@tempbox@bg=\box40
\tikztreelevel=\count122
\tikznumberofchildren=\count123
\tikznumberofcurrentchild=\count124
\tikz@fig@count=\count125

("C:\Program Files\MiKTeX 2.9\tex\generic\pgf\modules\pgfmodulematrix.code.tex"
File: pgfmodulematrix.code.tex 2013/09/17  (rcs-revision 1.8)
\pgfmatrixcurrentrow=\count126
\pgfmatrixcurrentcolumn=\count127
\pgf@matrix@numberofcolumns=\count128
)
\tikz@expandcount=\count129

("C:\Program Files\MiKTeX 2.9\tex\generic\pgf\frontendlayer\tikz\libraries\tikz
librarytopaths.code.tex"
File: tikzlibrarytopaths.code.tex 2008/06/17 v3.0.1a (rcs-revision 1.2)
)))
("C:\Program Files\MiKTeX 2.9\tex\latex\tabu\tabu.sty"
Package: tabu 2011/02/26 v2.8 - flexible LaTeX tabulars (FC)

("C:\Program Files\MiKTeX 2.9\tex\latex\tools\array.sty"
Package: array 2016/10/06 v2.4d Tabular extension package (FMi)
\col@sep=\dimen176
\extrarowheight=\dimen177
\NC@list=\toks41
\extratabsurround=\skip54
\backup@length=\skip55
)
("C:\Program Files\MiKTeX 2.9\tex\latex\ltxmisc\varwidth.sty"
Package: varwidth 2009/03/30 ver 0.92;  Variable-width minipages
\@vwid@box=\box41
\sift@deathcycles=\count130
\@vwid@loff=\dimen178
\@vwid@roff=\dimen179
)
\c@taburow=\count131
\tabu@nbcols=\count132
\tabu@cnt=\count133
\tabu@Xcol=\count134
\tabu@alloc=\count135
\tabu@nested=\count136
\tabu@target=\dimen180
\tabu@spreadtarget=\dimen181
\tabu@naturalX=\dimen182
\tabucolX=\dimen183
\tabu@Xsum=\dimen184
\extrarowdepth=\dimen185
\abovetabulinesep=\dimen186
\belowtabulinesep=\dimen187
\tabustrutrule=\dimen188
\tabu@thebody=\toks42
\tabu@footnotes=\toks43
\tabu@box=\box42
\tabu@arstrutbox=\box43
\tabu@hleads=\box44
\tabu@vleads=\box45
\tabu@cellskip=\skip56
)
("C:\Program Files\MiKTeX 2.9\tex\latex\booktabs\booktabs.sty"
Package: booktabs 2005/04/14 v1.61803 publication quality tables
\heavyrulewidth=\dimen189
\lightrulewidth=\dimen190
\cmidrulewidth=\dimen191
\belowrulesep=\dimen192
\belowbottomsep=\dimen193
\aboverulesep=\dimen194
\abovetopsep=\dimen195
\cmidrulesep=\dimen196
\cmidrulekern=\dimen197
\defaultaddspace=\dimen198
\@cmidla=\count137
\@cmidlb=\count138
\@aboverulesep=\dimen199
\@belowrulesep=\dimen256
\@thisruleclass=\count139
\@lastruleclass=\count140
\@thisrulewidth=\dimen257
)
("C:\Program Files\MiKTeX 2.9\tex\latex\hyperref\hyperref.sty"
Package: hyperref 2017/03/14 v6.85a Hypertext links for LaTeX

("C:\Program Files\MiKTeX 2.9\tex\generic\oberdiek\hobsub-hyperref.sty"
Package: hobsub-hyperref 2016/05/16 v1.14 Bundle oberdiek, subset hyperref (HO)


("C:\Program Files\MiKTeX 2.9\tex\generic\oberdiek\hobsub-generic.sty"
Package: hobsub-generic 2016/05/16 v1.14 Bundle oberdiek, subset generic (HO)
Package: hobsub 2016/05/16 v1.14 Construct package bundles (HO)
Package: infwarerr 2016/05/16 v1.4 Providing info/warning/error messages (HO)
Package: ltxcmds 2016/05/16 v1.23 LaTeX kernel commands for general use (HO)
Package: ifluatex 2016/05/16 v1.4 Provides the ifluatex switch (HO)
Package ifluatex Info: LuaTeX not detected.
Package hobsub Info: Skipping package `ifvtex' (already loaded).
Package: intcalc 2016/05/16 v1.2 Expandable calculations with integers (HO)
Package hobsub Info: Skipping package `ifpdf' (already loaded).
Package: etexcmds 2016/05/16 v1.6 Avoid name clashes with e-TeX commands (HO)
Package etexcmds Info: Could not find \expanded.
(etexcmds)             That can mean that you are not using pdfTeX 1.50 or
(etexcmds)             that some package has redefined \expanded.
(etexcmds)             In the latter case, load this package earlier.
Package: kvsetkeys 2016/05/16 v1.17 Key value parser (HO)
Package: kvdefinekeys 2016/05/16 v1.4 Define keys (HO)
Package: pdftexcmds 2017/03/19 v0.25 Utility functions of pdfTeX for LuaTeX (HO
)
Package pdftexcmds Info: LuaTeX not detected.
Package pdftexcmds Info: \pdf@primitive is available.
Package pdftexcmds Info: \pdf@ifprimitive is available.
Package pdftexcmds Info: \pdfdraftmode found.
Package: pdfescape 2016/05/16 v1.14 Implements pdfTeX's escape features (HO)
Package: bigintcalc 2016/05/16 v1.4 Expandable calculations on big integers (HO
)
Package: bitset 2016/05/16 v1.2 Handle bit-vector datatype (HO)
Package: uniquecounter 2016/05/16 v1.3 Provide unlimited unique counter (HO)
)
Package hobsub Info: Skipping package `hobsub' (already loaded).
Package: letltxmacro 2016/05/16 v1.5 Let assignment for LaTeX macros (HO)
Package: hopatch 2016/05/16 v1.3 Wrapper for package hooks (HO)
Package: xcolor-patch 2016/05/16 xcolor patch
Package: atveryend 2016/05/16 v1.9 Hooks at the very end of document (HO)
Package atveryend Info: \enddocument detected (standard20110627).
Package: atbegshi 2016/06/09 v1.18 At begin shipout hook (HO)
Package: refcount 2016/05/16 v3.5 Data extraction from label references (HO)
Package: hycolor 2016/05/16 v1.8 Color options for hyperref/bookmark (HO)
)
("C:\Program Files\MiKTeX 2.9\tex\latex\oberdiek\auxhook.sty"
Package: auxhook 2016/05/16 v1.4 Hooks for auxiliary files (HO)
)
("C:\Program Files\MiKTeX 2.9\tex\latex\oberdiek\kvoptions.sty"
Package: kvoptions 2016/05/16 v3.12 Key value format for package options (HO)
)
\@linkdim=\dimen258
\Hy@linkcounter=\count141
\Hy@pagecounter=\count142

("C:\Program Files\MiKTeX 2.9\tex\latex\hyperref\pd1enc.def"
File: pd1enc.def 2017/03/14 v6.85a Hyperref: PDFDocEncoding definition (HO)
)
\Hy@SavedSpaceFactor=\count143

("C:\Program Files\MiKTeX 2.9\tex\latex\00miktex\hyperref.cfg"
File: hyperref.cfg 2002/06/06 v1.2 hyperref configuration of TeXLive
)
Package hyperref Info: Hyper figures OFF on input line 4498.
Package hyperref Info: Link nesting OFF on input line 4503.
Package hyperref Info: Hyper index ON on input line 4506.
Package hyperref Info: Plain pages OFF on input line 4513.
Package hyperref Info: Backreferencing OFF on input line 4518.
Package hyperref Info: Implicit mode ON; LaTeX internals redefined.
Package hyperref Info: Bookmarks ON on input line 4751.
\c@Hy@tempcnt=\count144

("C:\Program Files\MiKTeX 2.9\tex\latex\url\url.sty"
\Urlmuskip=\muskip11
Package: url 2013/09/16  ver 3.4  Verb mode for urls, etc.
)
LaTeX Info: Redefining \url on input line 5104.
\XeTeXLinkMargin=\dimen259
\Fld@menulength=\count145
\Field@Width=\dimen260
\Fld@charsize=\dimen261
Package hyperref Info: Hyper figures OFF on input line 6358.
Package hyperref Info: Link nesting OFF on input line 6363.
Package hyperref Info: Hyper index ON on input line 6366.
Package hyperref Info: backreferencing OFF on input line 6373.
Package hyperref Info: Link coloring OFF on input line 6378.
Package hyperref Info: Link coloring with OCG OFF on input line 6383.
Package hyperref Info: PDF/A mode OFF on input line 6388.
LaTeX Info: Redefining \ref on input line 6428.
LaTeX Info: Redefining \pageref on input line 6432.
\Hy@abspage=\count146
\c@Item=\count147
\c@Hfootnote=\count148
)

Package hyperref Message: Driver (autodetected): hpdftex.

("C:\Program Files\MiKTeX 2.9\tex\latex\hyperref\hpdftex.def"
File: hpdftex.def 2017/03/14 v6.85a Hyperref driver for pdfTeX
\Fld@listcount=\count149
\c@bookmark@seq@number=\count150

("C:\Program Files\MiKTeX 2.9\tex\latex\oberdiek\rerunfilecheck.sty"
Package: rerunfilecheck 2016/05/16 v1.8 Rerun checks for auxiliary files (HO)
Package uniquecounter Info: New unique counter `rerunfilecheck' on input line 2
82.
)
\Hy@SectionHShift=\skip57
)
("C:\Users\Adam Green\AppData\Roaming\MiKTeX\2.9\tex\latex\cleveref\cleveref.st
y"
Package: cleveref 2013/12/28 v0.19 Intelligent cross-referencing
Package cleveref Info: `hyperref' support loaded on input line 2230.
LaTeX Info: Redefining \cref on input line 2230.
LaTeX Info: Redefining \Cref on input line 2230.
LaTeX Info: Redefining \crefrange on input line 2230.
LaTeX Info: Redefining \Crefrange on input line 2230.
LaTeX Info: Redefining \cpageref on input line 2230.
LaTeX Info: Redefining \Cpageref on input line 2230.
LaTeX Info: Redefining \cpagerefrange on input line 2230.
LaTeX Info: Redefining \Cpagerefrange on input line 2230.
LaTeX Info: Redefining \labelcref on input line 2230.
LaTeX Info: Redefining \labelcpageref on input line 2230.
Package cleveref Info: `amsthm' support loaded on input line 2858.
Package cleveref Info: `subfig' support loaded on input line 2983.
Package cleveref Info: always capitalise cross-reference names on input line 74
70.
Package cleveref Info: always capitalise cross-reference names on input line 74
93.
) ("C:\Program Files\MiKTeX 2.9\tex\latex\tools\multicol.sty"
Package: multicol 2017/04/11 v1.8q multicolumn formatting (FMi)
\c@tracingmulticols=\count151
\mult@box=\box46
\multicol@leftmargin=\dimen262
\c@unbalance=\count152
\c@collectmore=\count153
\doublecol@number=\count154
\multicoltolerance=\count155
\multicolpretolerance=\count156
\full@width=\dimen263
\page@free=\dimen264
\premulticols=\dimen265
\postmulticols=\dimen266
\multicolsep=\skip58
\multicolbaselineskip=\skip59
\partial@page=\box47
\last@line=\box48
\maxbalancingoverflow=\dimen267
\mult@rightbox=\box49
\mult@grightbox=\box50
\mult@gfirstbox=\box51
\mult@firstbox=\box52
\@tempa=\box53
\@tempa=\box54
\@tempa=\box55
\@tempa=\box56
\@tempa=\box57
\@tempa=\box58
\@tempa=\box59
\@tempa=\box60
\@tempa=\box61
\@tempa=\box62
\@tempa=\box63
\@tempa=\box64
\@tempa=\box65
\@tempa=\box66
\@tempa=\box67
\@tempa=\box68
\@tempa=\box69
\c@columnbadness=\count157
\c@finalcolumnbadness=\count158
\last@try=\dimen268
\multicolovershoot=\dimen269
\multicolundershoot=\dimen270
\mult@nat@firstbox=\box70
\colbreak@box=\box71
\mc@col@check@num=\count159
)
("C:\Users\Adam Green\AppData\Roaming\MiKTeX\2.9\tex\latex\parskip\parskip.sty"
Package: parskip 2001/04/09 non-zero parskip adjustments
) ("C:\Program Files\MiKTeX 2.9\tex\latex\tools\indentfirst.sty"
Package: indentfirst 1995/11/23 v1.03 Indent first paragraph (DPC)
)
("C:\Program Files\MiKTeX 2.9\tex\latex\fancyhdr\fancyhdr.sty"
Package: fancyhdr 2017/06/30 v3.9a Extensive control of page headers and footer
s
\f@nch@headwidth=\skip60
\f@nch@O@elh=\skip61
\f@nch@O@erh=\skip62
\f@nch@O@olh=\skip63
\f@nch@O@orh=\skip64
\f@nch@O@elf=\skip65
\f@nch@O@erf=\skip66
\f@nch@O@olf=\skip67
\f@nch@O@orf=\skip68
)
("C:\Program Files\MiKTeX 2.9\tex\latex\tools\enumerate.sty"
Package: enumerate 2015/07/23 v3.00 enumerate extensions (DPC)
\@enLab=\toks44
)
("C:\Program Files\MiKTeX 2.9\tex\latex\wrapfig\wrapfig.sty"
\wrapoverhang=\dimen271
\WF@size=\dimen272
\c@WF@wrappedlines=\count160
\WF@box=\box72
\WF@everypar=\toks45
Package: wrapfig 2003/01/31  v 3.6
)
("C:\Program Files\MiKTeX 2.9\tex\latex\lipsum\lipsum.sty"
Package: lipsum 2014/07/27 v1.3 150 paragraphs of Lorem Ipsum dummy text
\c@lips@count=\count161
) (QuantumAnalogs.aux (AppendixA.aux))
\openout1 = `QuantumAnalogs.aux'.

LaTeX Font Info:    Checking defaults for OML/cmm/m/it on input line 110.
LaTeX Font Info:    ... okay on input line 110.
LaTeX Font Info:    Checking defaults for T1/cmr/m/n on input line 110.
LaTeX Font Info:    ... okay on input line 110.
LaTeX Font Info:    Checking defaults for OT1/cmr/m/n on input line 110.
LaTeX Font Info:    ... okay on input line 110.
LaTeX Font Info:    Checking defaults for OMS/cmsy/m/n on input line 110.
LaTeX Font Info:    ... okay on input line 110.
LaTeX Font Info:    Checking defaults for OMX/cmex/m/n on input line 110.
LaTeX Font Info:    ... okay on input line 110.
LaTeX Font Info:    Checking defaults for U/cmr/m/n on input line 110.
LaTeX Font Info:    ... okay on input line 110.
LaTeX Font Info:    Checking defaults for PD1/pdf/m/n on input line 110.
LaTeX Font Info:    ... okay on input line 110.

*geometry* driver: auto-detecting
*geometry* detected driver: pdftex
*geometry* verbose mode - [ preamble ] result:
* driver: pdftex
* paper: <default>
* layout: <same size as paper>
* layoutoffset:(h,v)=(0.0pt,0.0pt)
* modes: 
* h-part:(L,W,R)=(56.9055pt, 500.484pt, 56.9055pt)
* v-part:(T,H,B)=(56.9055pt, 681.15898pt, 56.9055pt)
* \paperwidth=614.295pt
* \paperheight=794.96999pt
* \textwidth=500.484pt
* \textheight=681.15898pt
* \oddsidemargin=-15.36449pt
* \evensidemargin=-15.36449pt
* \topmargin=-52.36449pt
* \headheight=12.0pt
* \headsep=25.0pt
* \topskip=12.0pt
* \footskip=30.0pt
* \marginparwidth=44.0pt
* \marginparsep=10.0pt
* \columnsep=10.0pt
* \skip\footins=10.8pt plus 4.0pt minus 2.0pt
* \hoffset=0.0pt
* \voffset=0.0pt
* \mag=1000
* \@twocolumnfalse
* \@twosidefalse
* \@mparswitchfalse
* \@reversemarginfalse
* (1in=72.27pt=25.4mm, 1cm=28.453pt)

("C:\Program Files\MiKTeX 2.9\tex\context\base\supp-pdf.mkii"
[Loading MPS to PDF converter (version 2006.09.02).]
\scratchcounter=\count162
\scratchdimen=\dimen273
\scratchbox=\box73
\nofMPsegments=\count163
\nofMParguments=\count164
\everyMPshowfont=\toks46
\MPscratchCnt=\count165
\MPscratchDim=\dimen274
\MPnumerator=\count166
\makeMPintoPDFobject=\count167
\everyMPtoPDFconversion=\toks47
) ("C:\Program Files\MiKTeX 2.9\tex\latex\oberdiek\epstopdf-base.sty"
Package: epstopdf-base 2016/05/15 v2.6 Base part for package epstopdf

("C:\Program Files\MiKTeX 2.9\tex\latex\oberdiek\grfext.sty"
Package: grfext 2016/05/16 v1.2 Manage graphics extensions (HO)
)
Package epstopdf-base Info: Redefining graphics rule for `.eps' on input line 4
38.
Package grfext Info: Graphics extension search list:
(grfext)             [.pdf,.png,.jpg,.mps,.jpeg,.jbig2,.jb2,.PDF,.PNG,.JPG,.JPE
G,.JBIG2,.JB2,.eps]
(grfext)             \AppendGraphicsExtensions on input line 456.
)
Package caption Info: Begin \AtBeginDocument code.
Package caption Info: subfig package v1.3 is loaded.
Package caption Info: float package is loaded.
Package caption Info: hyperref package is loaded.
Package caption Info: wrapfig package is loaded.
Package caption Info: End \AtBeginDocument code.

ABD: EveryShipout initializing macros
\AtBeginShipoutBox=\box74
Package hyperref Info: Link coloring OFF on input line 110.

("C:\Program Files\MiKTeX 2.9\tex\latex\hyperref\nameref.sty"
Package: nameref 2016/05/21 v2.44 Cross-referencing by name of section

("C:\Program Files\MiKTeX 2.9\tex\generic\oberdiek\gettitlestring.sty"
Package: gettitlestring 2016/05/16 v1.5 Cleanup title references (HO)
)
\c@section@level=\count168
)
LaTeX Info: Redefining \ref on input line 110.
LaTeX Info: Redefining \pageref on input line 110.
LaTeX Info: Redefining \nameref on input line 110.

(QuantumAnalogs.out) (QuantumAnalogs.out)
\@outlinefile=\write4
\openout4 = `QuantumAnalogs.out'.

LaTeX Font Info:    Try loading font information for U+msa on input line 149.

("C:\Program Files\MiKTeX 2.9\tex\latex\amsfonts\umsa.fd"
File: umsa.fd 2013/01/14 v3.01 AMS symbols A
)
LaTeX Font Info:    Try loading font information for U+msb on input line 149.

("C:\Program Files\MiKTeX 2.9\tex\latex\amsfonts\umsb.fd"
File: umsb.fd 2013/01/14 v3.01 AMS symbols B
) (QuantumAnalogs.toc
[1

{C:/Users/Adam Green/AppData/Local/MiKTeX/2.9/pdftex/config/pdftex.map}])
\tf@toc=\write5
\openout5 = `QuantumAnalogs.toc'.


[2] [3]
<Figures/Setup/AnalogsDevice.jpg, id=182, 4047.12pt x 3035.34pt>
File: Figures/Setup/AnalogsDevice.jpg Graphic file (type jpg)
<use Figures/Setup/AnalogsDevice.jpg>
Package pdftex.def Info: Figures/Setup/AnalogsDevice.jpg  used on input line 25
8. on input line 258.
Package pdftex.def Info: Requested size: 200.19054pt x 150.10854pt on input lin
e 258.
<Figures/Setup/Table.jpg, id=183, 4047.12pt x 3035.34pt>
File: Figures/Setup/Table.jpg Graphic file (type jpg)
<use Figures/Setup/Table.jpg>
Package pdftex.def Info: Figures/Setup/Table.jpg  used on input line 261. on in
put line 261.
Package pdftex.def Info: Requested size: 200.19054pt x 150.10854pt on input lin
e 261.
 [4 <./Figures/Setup/AnalogsDevice.jpg> <./Figures/Setup/Table.jpg>]
<Figures/2.3.2/Raw100a180.jpg, id=200, 80.23677pt x 58.8972pt>
File: Figures/2.3.2/Raw100a180.jpg Graphic file (type jpg)
<use Figures/2.3.2/Raw100a180.jpg>
Package pdftex.def Info: Figures/2.3.2/Raw100a180.jpg  used on input line 278. 
on input line 278.
Package pdftex.def Info: Requested size: 200.19054pt x 146.95233pt on input lin
e 278.

Underfull \hbox (badness 1383) in paragraph at lines 278--278
[][]|\OT1/cmr/m/n/10 Lin-ear regime fre-quency spec-trum with
 []

<Figures/2.3.2/Raw50a180.jpg, id=201, 80.23677pt x 58.8972pt>
File: Figures/2.3.2/Raw50a180.jpg Graphic file (type jpg)
<use Figures/2.3.2/Raw50a180.jpg>
Package pdftex.def Info: Figures/2.3.2/Raw50a180.jpg  used on input line 281. o
n input line 281.
Package pdftex.def Info: Requested size: 200.19054pt x 146.95233pt on input lin
e 281.
[5 <./Figures/2.3.2/Raw100a180.jpg> <./Figures/2.3.2/Raw50a180.jpg>]
<Figures/Tables/ResTable.png, id=217, 252.945pt x 94.85437pt>
File: Figures/Tables/ResTable.png Graphic file (type png)
<use Figures/Tables/ResTable.png>
Package pdftex.def Info: Figures/Tables/ResTable.png  used on input line 315. o
n input line 315.
Package pdftex.def Info: Requested size: 300.29344pt x 112.61177pt on input lin
e 315.


Package hyperref Warning: Token not allowed in a PDF string (PDFDocEncoding):
(hyperref)                removing `math shift' on input line 320.


Package hyperref Warning: Token not allowed in a PDF string (PDFDocEncoding):
(hyperref)                removing `\alpha' on input line 320.


Package hyperref Warning: Token not allowed in a PDF string (PDFDocEncoding):
(hyperref)                removing `math shift' on input line 320.

<Figures/2.3.2/Raw50a40.jpg, id=218, 80.23677pt x 58.8972pt>
File: Figures/2.3.2/Raw50a40.jpg Graphic file (type jpg)
<use Figures/2.3.2/Raw50a40.jpg>
Package pdftex.def Info: Figures/2.3.2/Raw50a40.jpg  used on input line 325. on
 input line 325.
Package pdftex.def Info: Requested size: 150.14671pt x 110.21628pt on input lin
e 325.
<Figures/2.3.2/Raw50a20.jpg, id=219, 80.23677pt x 58.8972pt>
File: Figures/2.3.2/Raw50a20.jpg Graphic file (type jpg)
<use Figures/2.3.2/Raw50a20.jpg>
Package pdftex.def Info: Figures/2.3.2/Raw50a20.jpg  used on input line 327. on
 input line 327.
Package pdftex.def Info: Requested size: 150.14671pt x 110.21628pt on input lin
e 327.
<Figures/2.3.2/Raw50a0.jpg, id=220, 80.23677pt x 58.8972pt>
File: Figures/2.3.2/Raw50a0.jpg Graphic file (type jpg)
<use Figures/2.3.2/Raw50a0.jpg>
Package pdftex.def Info: Figures/2.3.2/Raw50a0.jpg  used on input line 329. on 
input line 329.
Package pdftex.def Info: Requested size: 150.14671pt x 110.21628pt on input lin
e 329.
[6 <./Figures/Tables/ResTable.png> <./Figures/2.3.2/Raw50a40.jpg> <./Figures/2.
3.2/Raw50a20.jpg> <./Figures/2.3.2/Raw50a0.jpg>]

Package hyperref Warning: Token not allowed in a PDF string (PDFDocEncoding):
(hyperref)                removing `math shift' on input line 345.


Package hyperref Warning: Token not allowed in a PDF string (PDFDocEncoding):
(hyperref)                removing `\ell' on input line 345.


Package hyperref Warning: Token not allowed in a PDF string (PDFDocEncoding):
(hyperref)                removing `math shift' on input line 345.

<Figures/Graphs/7409Graph.png, id=243, 255.20343pt x 153.57375pt>
File: Figures/Graphs/7409Graph.png Graphic file (type png)
<use Figures/Graphs/7409Graph.png>
Package pdftex.def Info: Figures/Graphs/7409Graph.png  used on input line 357. 
on input line 357.
Package pdftex.def Info: Requested size: 283.7075pt x 170.71652pt on input line
 357.
<Figures/Legendre/legendreL5.png, id=244, 433.62pt x 433.62pt>
File: Figures/Legendre/legendreL5.png Graphic file (type png)
<use Figures/Legendre/legendreL5.png>
Package pdftex.def Info: Figures/Legendre/legendreL5.png  used on input line 35
9. on input line 359.
Package pdftex.def Info: Requested size: 170.71892pt x 170.71652pt on input lin
e 359.
[7]
<Figures/Tables/LegendreTable.png, id=259, 126.4725pt x 102.00609pt>
File: Figures/Tables/LegendreTable.png Graphic file (type png)
<use Figures/Tables/LegendreTable.png>
Package pdftex.def Info: Figures/Tables/LegendreTable.png  used on input line 3
71. on input line 371.
Package pdftex.def Info: Requested size: 150.14671pt x 121.10234pt on input lin
e 371.
<Figures/2.3.2/F7409.jpg, id=264, 56.62099pt x 54.81897pt>
File: Figures/2.3.2/F7409.jpg Graphic file (type jpg)
<use Figures/2.3.2/F7409.jpg>
Package pdftex.def Info: Figures/2.3.2/F7409.jpg  used on input line 387. on in
put line 387.
Package pdftex.def Info: Requested size: 150.14671pt x 145.3975pt on input line
 387.
<Figures/SphHarm/SphHarmL5M0.png, id=265, 433.62pt x 433.62pt>
File: Figures/SphHarm/SphHarmL5M0.png Graphic file (type png)
<use Figures/SphHarm/SphHarmL5M0.png>
Package pdftex.def Info: Figures/SphHarm/SphHarmL5M0.png  used on input line 38
9. on input line 389.
Package pdftex.def Info: Requested size: 150.14671pt x 150.14822pt on input lin
e 389.
 [8 <./Figures/Graphs/7409Graph.png> <./Figures/Legendre/legendreL5.png> <./Fig
ures/Tables/LegendreTable.png>]

Package hyperref Warning: Token not allowed in a PDF string (PDFDocEncoding):
(hyperref)                removing `math shift' on input line 394.


Package hyperref Warning: Token not allowed in a PDF string (PDFDocEncoding):
(hyperref)                removing `\ell' on input line 394.


Package hyperref Warning: Token not allowed in a PDF string (PDFDocEncoding):
(hyperref)                removing `math shift' on input line 394.

<Figures/Day4/L1ResonanceSpectrum.png, id=280, 849.1725pt x 623.32875pt>
File: Figures/Day4/L1ResonanceSpectrum.png Graphic file (type png)
<use Figures/Day4/L1ResonanceSpectrum.png>
Package pdftex.def Info: Figures/Day4/L1ResonanceSpectrum.png  used on input li
ne 399. on input line 399.
Package pdftex.def Info: Requested size: 150.14671pt x 110.20648pt on input lin
e 399.
<Figures/Day4/L1ResonanceSpectrum3mm.png, id=281, 849.1725pt x 623.32875pt>
File: Figures/Day4/L1ResonanceSpectrum3mm.png Graphic file (type png)
<use Figures/Day4/L1ResonanceSpectrum3mm.png>
Package pdftex.def Info: Figures/Day4/L1ResonanceSpectrum3mm.png  used on input
 line 401. on input line 401.
Package pdftex.def Info: Requested size: 150.14671pt x 110.20648pt on input lin
e 401.
<Figures/Day4/L1ResonanceSpectrum6mm.png, id=282, 849.1725pt x 623.32875pt>
File: Figures/Day4/L1ResonanceSpectrum6mm.png Graphic file (type png)
<use Figures/Day4/L1ResonanceSpectrum6mm.png>
Package pdftex.def Info: Figures/Day4/L1ResonanceSpectrum6mm.png  used on input
 line 403. on input line 403.
Package pdftex.def Info: Requested size: 150.14671pt x 110.20648pt on input lin
e 403.
<Figures/Day4/L1ResonanceSpectrum9mm.png, id=283, 849.1725pt x 623.32875pt>
File: Figures/Day4/L1ResonanceSpectrum9mm.png Graphic file (type png)
<use Figures/Day4/L1ResonanceSpectrum9mm.png>
Package pdftex.def Info: Figures/Day4/L1ResonanceSpectrum9mm.png  used on input
 line 405. on input line 405.
Package pdftex.def Info: Requested size: 150.14671pt x 110.20648pt on input lin
e 405.
[9 <./Figures/2.3.2/F7409.jpg> <./Figures/SphHarm/SphHarmL5M0.png>]
<Figures/Day4/L19mmPolar2084_806.png, id=295, 599.23875pt x 580.1675pt>
File: Figures/Day4/L19mmPolar2084_806.png Graphic file (type png)
<use Figures/Day4/L19mmPolar2084_806.png>
Package pdftex.def Info: Figures/Day4/L19mmPolar2084_806.png  used on input lin
e 414. on input line 414.
Package pdftex.def Info: Requested size: 150.14671pt x 145.3602pt on input line
 414.
<Figures/Day4/L19mmPolar2251_140.png, id=296, 599.23875pt x 580.1675pt>
File: Figures/Day4/L19mmPolar2251_140.png Graphic file (type png)
<use Figures/Day4/L19mmPolar2251_140.png>
Package pdftex.def Info: Figures/Day4/L19mmPolar2251_140.png  used on input lin
e 416. on input line 416.
Package pdftex.def Info: Requested size: 150.14671pt x 145.3602pt on input line
 416.
 [10 <./Figures/Day4/L1ResonanceSpectrum.png> <./Figures/Day4/L1ResonanceSpectr
um3mm.png> <./Figures/Day4/L1ResonanceSpectrum6mm.png> <./Figures/Day4/L1Resona
nceSpectrum9mm.png> <./Figures/Day4/L19mmPolar2084_806.png> <./Figures/Day4/L19
mmPolar2251_140.png>]
<Figures/SphHarm/SphHarmL1M0.png, id=315, 433.62pt x 433.62pt>
File: Figures/SphHarm/SphHarmL1M0.png Graphic file (type png)
<use Figures/SphHarm/SphHarmL1M0.png>
Package pdftex.def Info: Figures/SphHarm/SphHarmL1M0.png  used on input line 42
6. on input line 426.
Package pdftex.def Info: Requested size: 175.17244pt x 175.17183pt on input lin
e 426.
<Figures/SphHarm/SphHarmL1M1.png, id=316, 433.62pt x 433.62pt>
File: Figures/SphHarm/SphHarmL1M1.png Graphic file (type png)
<use Figures/SphHarm/SphHarmL1M1.png>
Package pdftex.def Info: Figures/SphHarm/SphHarmL1M1.png  used on input line 42
8. on input line 428.
Package pdftex.def Info: Requested size: 175.17244pt x 175.17183pt on input lin
e 428.
<Figures/Tables/PhaseMeasurements.png, id=318, 252.945pt x 41.02827pt>
File: Figures/Tables/PhaseMeasurements.png Graphic file (type png)
<use Figures/Tables/PhaseMeasurements.png>
Package pdftex.def Info: Figures/Tables/PhaseMeasurements.png  used on input li
ne 442. on input line 442.
Package pdftex.def Info: Requested size: 400.38872pt x 64.9454pt on input line 
442.
 [11 <./Figures/SphHarm/SphHarmL1M0.png> <./Figures/SphHarm/SphHarmL1M1.png> <.
/Figures/Tables/PhaseMeasurements.png>] [12]
\openout2 = `AppendixA.aux'.

 (AppendixA.tex
<Figures/Graphs/ThetaAlpha.png, id=333, 433.62pt x 433.62pt>
File: Figures/Graphs/ThetaAlpha.png Graphic file (type png)
<use Figures/Graphs/ThetaAlpha.png>
Package pdftex.def Info: Figures/Graphs/ThetaAlpha.png  used on input line 14. 
on input line 14.
Package pdftex.def Info: Requested size: 200.19054pt x 200.18881pt on input lin
e 14.
<Figures/Tables/2291Table.png, id=334, 252.945pt x 175.0289pt>
File: Figures/Tables/2291Table.png Graphic file (type png)
<use Figures/Tables/2291Table.png>
Package pdftex.def Info: Figures/Tables/2291Table.png  used on input line 25. o
n input line 25.
Package pdftex.def Info: Requested size: 225.21626pt x 155.84465pt on input lin
e 25.
<Figures/Graphs/2291Graph.png, id=335, 254.82703pt x 153.57375pt>
File: Figures/Graphs/2291Graph.png Graphic file (type png)
<use Figures/Graphs/2291Graph.png>
Package pdftex.def Info: Figures/Graphs/2291Graph.png  used on input line 31. o
n input line 31.
Package pdftex.def Info: Requested size: 225.21626pt x 135.73582pt on input lin
e 31.
 [13

 <./Figures/Graphs/ThetaAlpha.png> <./Figures/Tables/2291Table.png> <./Figures/
Graphs/2291Graph.png>]
<Figures/Tables/3679Table.png, id=343, 252.945pt x 175.0289pt>
File: Figures/Tables/3679Table.png Graphic file (type png)
<use Figures/Tables/3679Table.png>
Package pdftex.def Info: Figures/Tables/3679Table.png  used on input line 41. o
n input line 41.
Package pdftex.def Info: Requested size: 225.21626pt x 155.84465pt on input lin
e 41.
<Figures/Graphs/3679Graph.png, id=344, 254.82703pt x 153.95015pt>
File: Figures/Graphs/3679Graph.png Graphic file (type png)
<use Figures/Graphs/3679Graph.png>
Package pdftex.def Info: Figures/Graphs/3679Graph.png  used on input line 47. o
n input line 47.
Package pdftex.def Info: Requested size: 225.21626pt x 136.06851pt on input lin
e 47.
<Figures/Tables/4962Table.png, id=346, 252.945pt x 175.0289pt>
File: Figures/Tables/4962Table.png Graphic file (type png)
<use Figures/Tables/4962Table.png>
Package pdftex.def Info: Figures/Tables/4962Table.png  used on input line 57. o
n input line 57.
Package pdftex.def Info: Requested size: 225.21626pt x 155.84465pt on input lin
e 57.
<Figures/Graphs/4962Graph.png, id=347, 255.20343pt x 153.95015pt>
File: Figures/Graphs/4962Graph.png Graphic file (type png)
<use Figures/Graphs/4962Graph.png>
Package pdftex.def Info: Figures/Graphs/4962Graph.png  used on input line 63. o
n input line 63.
Package pdftex.def Info: Requested size: 225.21626pt x 135.86649pt on input lin
e 63.
<Figures/Tables/6202Table.png, id=349, 252.945pt x 175.0289pt>
File: Figures/Tables/6202Table.png Graphic file (type png)
<use Figures/Tables/6202Table.png>
Package pdftex.def Info: Figures/Tables/6202Table.png  used on input line 72. o
n input line 72.
Package pdftex.def Info: Requested size: 225.21626pt x 155.84465pt on input lin
e 72.
<Figures/Graphs/6202Graph.png, id=350, 255.20343pt x 153.95015pt>
File: Figures/Graphs/6202Graph.png Graphic file (type png)
<use Figures/Graphs/6202Graph.png>
Package pdftex.def Info: Figures/Graphs/6202Graph.png  used on input line 78. o
n input line 78.
Package pdftex.def Info: Requested size: 225.21626pt x 135.86649pt on input lin
e 78.
 [14 <./Figures/Tables/3679Table.png> <./Figures/Graphs/3679Graph.png> <./Figur
es/Tables/4962Table.png> <./Figures/Graphs/4962Graph.png> <./Figures/Tables/620
2Table.png> <./Figures/Graphs/6202Graph.png>]
<Figures/Tables/7409Table.png, id=362, 252.945pt x 175.0289pt>
File: Figures/Tables/7409Table.png Graphic file (type png)
<use Figures/Tables/7409Table.png>
Package pdftex.def Info: Figures/Tables/7409Table.png  used on input line 88. o
n input line 88.
Package pdftex.def Info: Requested size: 225.21626pt x 155.84465pt on input lin
e 88.
File: Figures/Graphs/7409Graph.png Graphic file (type png)
<use Figures/Graphs/7409Graph.png>
Package pdftex.def Info: Figures/Graphs/7409Graph.png  used on input line 94. o
n input line 94.
Package pdftex.def Info: Requested size: 225.21626pt x 135.5343pt on input line
 94.
File: Figures/Graphs/2291Graph.png Graphic file (type png)
<use Figures/Graphs/2291Graph.png>
Package pdftex.def Info: Figures/Graphs/2291Graph.png  used on input line 104. 
on input line 104.
Package pdftex.def Info: Requested size: 283.28906pt x 170.71652pt on input lin
e 104.
<Figures/Legendre/legendreL1.png, id=364, 433.62pt x 433.62pt>
File: Figures/Legendre/legendreL1.png Graphic file (type png)
<use Figures/Legendre/legendreL1.png>
Package pdftex.def Info: Figures/Legendre/legendreL1.png  used on input line 10
6. on input line 106.
Package pdftex.def Info: Requested size: 170.71892pt x 170.71652pt on input lin
e 106.
File: Figures/Graphs/3679Graph.png Graphic file (type png)
<use Figures/Graphs/3679Graph.png>
Package pdftex.def Info: Figures/Graphs/3679Graph.png  used on input line 113. 
on input line 113.
Package pdftex.def Info: Requested size: 282.60081pt x 170.71652pt on input lin
e 113.
<Figures/Legendre/legendreL2.png, id=365, 433.62pt x 433.62pt>
File: Figures/Legendre/legendreL2.png Graphic file (type png)
<use Figures/Legendre/legendreL2.png>
Package pdftex.def Info: Figures/Legendre/legendreL2.png  used on input line 11
5. on input line 115.
Package pdftex.def Info: Requested size: 170.71892pt x 170.71652pt on input lin
e 115.
 [15 <./Figures/Tables/7409Table.png> <./Figures/Legendre/legendreL1.png>]
File: Figures/Graphs/4962Graph.png Graphic file (type png)
<use Figures/Graphs/4962Graph.png>
Package pdftex.def Info: Figures/Graphs/4962Graph.png  used on input line 122. 
on input line 122.
Package pdftex.def Info: Requested size: 283.01825pt x 170.71652pt on input lin
e 122.
<Figures/Legendre/legendreL3.png, id=372, 433.62pt x 433.62pt>
File: Figures/Legendre/legendreL3.png Graphic file (type png)
<use Figures/Legendre/legendreL3.png>
Package pdftex.def Info: Figures/Legendre/legendreL3.png  used on input line 12
4. on input line 124.
Package pdftex.def Info: Requested size: 170.71892pt x 170.71652pt on input lin
e 124.
File: Figures/Graphs/6202Graph.png Graphic file (type png)
<use Figures/Graphs/6202Graph.png>
Package pdftex.def Info: Figures/Graphs/6202Graph.png  used on input line 131. 
on input line 131.
Package pdftex.def Info: Requested size: 283.01825pt x 170.71652pt on input lin
e 131.
<Figures/Legendre/legendreL4.png, id=373, 433.62pt x 433.62pt>
File: Figures/Legendre/legendreL4.png Graphic file (type png)
<use Figures/Legendre/legendreL4.png>
Package pdftex.def Info: Figures/Legendre/legendreL4.png  used on input line 13
3. on input line 133.
Package pdftex.def Info: Requested size: 170.71892pt x 170.71652pt on input lin
e 133.
 [16 <./Figures/Legendre/legendreL2.png> <./Figures/Legendre/legendreL3.png>]
File: Figures/Graphs/7409Graph.png Graphic file (type png)
<use Figures/Graphs/7409Graph.png>
Package pdftex.def Info: Figures/Graphs/7409Graph.png  used on input line 140. 
on input line 140.
Package pdftex.def Info: Requested size: 283.7075pt x 170.71652pt on input line
 140.
File: Figures/Legendre/legendreL5.png Graphic file (type png)
<use Figures/Legendre/legendreL5.png>
Package pdftex.def Info: Figures/Legendre/legendreL5.png  used on input line 14
2. on input line 142.
Package pdftex.def Info: Requested size: 170.71892pt x 170.71652pt on input lin
e 142.
<Figures/2.3.2/F2291.jpg, id=384, 56.62099pt x 54.81897pt>
File: Figures/2.3.2/F2291.jpg Graphic file (type jpg)
<use Figures/2.3.2/F2291.jpg>
Package pdftex.def Info: Figures/2.3.2/F2291.jpg  used on input line 152. on in
put line 152.
Package pdftex.def Info: Requested size: 175.17244pt x 169.63168pt on input lin
e 152.
<Figures/2.3.2/F3679.jpg, id=385, 56.62099pt x 54.81897pt>
File: Figures/2.3.2/F3679.jpg Graphic file (type jpg)
<use Figures/2.3.2/F3679.jpg>
Package pdftex.def Info: Figures/2.3.2/F3679.jpg  used on input line 154. on in
put line 154.
Package pdftex.def Info: Requested size: 175.17244pt x 169.63168pt on input lin
e 154.
<Figures/2.3.2/F4962.jpg, id=386, 56.62099pt x 54.81897pt>
File: Figures/2.3.2/F4962.jpg Graphic file (type jpg)
<use Figures/2.3.2/F4962.jpg>
Package pdftex.def Info: Figures/2.3.2/F4962.jpg  used on input line 156. on in
put line 156.
Package pdftex.def Info: Requested size: 175.17244pt x 169.63168pt on input lin
e 156.
File: Figures/2.3.2/F7409.jpg Graphic file (type jpg)
<use Figures/2.3.2/F7409.jpg>
Package pdftex.def Info: Figures/2.3.2/F7409.jpg  used on input line 158. on in
put line 158.
Package pdftex.def Info: Requested size: 175.17244pt x 169.63168pt on input lin
e 158.
 [17 <./Figures/Legendre/legendreL4.png>]
File: Figures/SphHarm/SphHarmL1M0.png Graphic file (type png)
<use Figures/SphHarm/SphHarmL1M0.png>
Package pdftex.def Info: Figures/SphHarm/SphHarmL1M0.png  used on input line 16
5. on input line 165.
Package pdftex.def Info: Requested size: 200.19054pt x 200.18881pt on input lin
e 165.
<Figures/SphHarm/SphHarmL2M0.png, id=396, 433.62pt x 433.62pt>
File: Figures/SphHarm/SphHarmL2M0.png Graphic file (type png)
<use Figures/SphHarm/SphHarmL2M0.png>
Package pdftex.def Info: Figures/SphHarm/SphHarmL2M0.png  used on input line 16
7. on input line 167.
Package pdftex.def Info: Requested size: 200.19054pt x 200.18881pt on input lin
e 167.
<Figures/SphHarm/SphHarmL3M0.png, id=397, 433.62pt x 433.62pt>
File: Figures/SphHarm/SphHarmL3M0.png Graphic file (type png)
<use Figures/SphHarm/SphHarmL3M0.png>
Package pdftex.def Info: Figures/SphHarm/SphHarmL3M0.png  used on input line 16
9. on input line 169.
Package pdftex.def Info: Requested size: 200.19054pt x 200.18881pt on input lin
e 169.
File: Figures/SphHarm/SphHarmL5M0.png Graphic file (type png)
<use Figures/SphHarm/SphHarmL5M0.png>
Package pdftex.def Info: Figures/SphHarm/SphHarmL5M0.png  used on input line 17
1. on input line 171.
Package pdftex.def Info: Requested size: 200.19054pt x 200.18881pt on input lin
e 171.
 [18 <./Figures/2.3.2/F2291.jpg> <./Figures/2.3.2/F3679.jpg> <./Figures/2.3.2/F
4962.jpg>]
<Figures/Day4/L13mmPolar2084_806.png, id=406, 599.23875pt x 580.1675pt>
File: Figures/Day4/L13mmPolar2084_806.png Graphic file (type png)
<use Figures/Day4/L13mmPolar2084_806.png>
Package pdftex.def Info: Figures/Day4/L13mmPolar2084_806.png  used on input lin
e 182. on input line 182.
Package pdftex.def Info: Requested size: 175.17244pt x 169.58986pt on input lin
e 182.
<Figures/Day4/L13mmPolar2251_140.png, id=407, 599.23875pt x 580.1675pt>
File: Figures/Day4/L13mmPolar2251_140.png Graphic file (type png)
<use Figures/Day4/L13mmPolar2251_140.png>
Package pdftex.def Info: Figures/Day4/L13mmPolar2251_140.png  used on input lin
e 184. on input line 184.
Package pdftex.def Info: Requested size: 175.17244pt x 169.58986pt on input lin
e 184.
 [19 <./Figures/SphHarm/SphHarmL2M0.png> <./Figures/SphHarm/SphHarmL3M0.png>]
<Figures/Day4/L16mmPolar2084_806.png, id=419, 599.23875pt x 580.1675pt>
File: Figures/Day4/L16mmPolar2084_806.png Graphic file (type png)
<use Figures/Day4/L16mmPolar2084_806.png>
Package pdftex.def Info: Figures/Day4/L16mmPolar2084_806.png  used on input lin
e 193. on input line 193.
Package pdftex.def Info: Requested size: 175.17244pt x 169.58986pt on input lin
e 193.
<Figures/Day4/L16mmPolar2251_140.png, id=420, 599.23875pt x 580.1675pt>
File: Figures/Day4/L16mmPolar2251_140.png Graphic file (type png)
<use Figures/Day4/L16mmPolar2251_140.png>
Package pdftex.def Info: Figures/Day4/L16mmPolar2251_140.png  used on input lin
e 195. on input line 195.
Package pdftex.def Info: Requested size: 175.17244pt x 169.58986pt on input lin
e 195.
) [20 <./Figures/Day4/L13mmPolar2084_806.png> <./Figures/Day4/L13mmPolar2251_14
0.png> <./Figures/Day4/L16mmPolar2084_806.png> <./Figures/Day4/L16mmPolar2251_1
40.png>] (QuantumAnalogs.bbl) [21

]
Package atveryend Info: Empty hook `BeforeClearDocument' on input line 472.
Package atveryend Info: Empty hook `AfterLastShipout' on input line 472.
 (QuantumAnalogs.aux
(AppendixA.aux))
Package atveryend Info: Executing hook `AtVeryEndDocument' on input line 472.
Package atveryend Info: Executing hook `AtEndAfterFileList' on input line 472.
Package rerunfilecheck Info: File `QuantumAnalogs.out' has not changed.
(rerunfilecheck)             Checksum: EB2BB65C4812E79C8A494BFAE6AFEE29;1780.
Package atveryend Info: Empty hook `AtVeryVeryEnd' on input line 472.
 ) 
Here is how much of TeX's memory you used:
 20829 strings out of 493312
 386722 string characters out of 3138882
 569592 words of memory out of 3000000
 23834 multiletter control sequences out of 15000+200000
 17789 words of font info for 68 fonts, out of 3000000 for 9000
 1141 hyphenation exceptions out of 8191
 55i,12n,54p,903b,428s stack positions out of 5000i,500n,10000p,200000b,50000s
<C:/Program Files/MiKTeX 2.9/fonts/type1/public/amsfonts/cm/cmbx10.pfb><C:/Pr
ogram Files/MiKTeX 2.9/fonts/type1/public/amsfonts/cm/cmbx12.pfb><C:/Program Fi
les/MiKTeX 2.9/fonts/type1/public/amsfonts/cm/cmex10.pfb><C:/Program Files/MiKT
eX 2.9/fonts/type1/public/amsfonts/cm/cmmi10.pfb><C:/Program Files/MiKTeX 2.9/f
onts/type1/public/amsfonts/cm/cmmi12.pfb><C:/Program Files/MiKTeX 2.9/fonts/typ
e1/public/amsfonts/cm/cmmi8.pfb><C:/Program Files/MiKTeX 2.9/fonts/type1/public
/amsfonts/cm/cmr10.pfb><C:/Program Files/MiKTeX 2.9/fonts/type1/public/amsfonts
/cm/cmr12.pfb><C:/Program Files/MiKTeX 2.9/fonts/type1/public/amsfonts/cm/cmr7.
pfb><C:/Program Files/MiKTeX 2.9/fonts/type1/public/amsfonts/cm/cmr8.pfb><C:/Pr
ogram Files/MiKTeX 2.9/fonts/type1/public/amsfonts/cm/cmsy10.pfb><C:/Program Fi
les/MiKTeX 2.9/fonts/type1/public/amsfonts/cm/cmsy7.pfb><C:/Program Files/MiKTe
X 2.9/fonts/type1/public/amsfonts/cm/cmsy8.pfb><C:/Program Files/MiKTeX 2.9/fon
ts/type1/public/amsfonts/cm/cmti10.pfb><C:/Program Files/MiKTeX 2.9/fonts/type1
/public/amsfonts/cm/cmti12.pfb><C:/Program Files/MiKTeX 2.9/fonts/type1/public/
amsfonts/cm/cmtt10.pfb><C:/Program Files/MiKTeX 2.9/fonts/type1/public/amsfonts
/symbols/msbm10.pfb>
Output written on QuantumAnalogs.pdf (21 pages, 13280611 bytes).
PDF statistics:
 519 PDF objects out of 1000 (max. 8388607)
 137 named destinations out of 1000 (max. 500000)
 430 words of extra memory for PDF output out of 10000 (max. 10000000)

